<?xml version="1.0" encoding="UTF-8" standalone="yes"?>
<ns2:test-suite start="1536241485566" stop="1536241633622" version="1.5.2" xmlns:ns2="urn:model.allure.qatools.yandex.ru">
    <name>login page functionality</name>
    <description type="text"></description>
    <test-cases>
        <test-case start="1536241485569" stop="1536241507934" status="passed">
            <name>valid login test</name>
            <title>valid login test</title>
            <description type="text"></description>
            <steps>
                <step start="1536241491282" stop="1536241493585" status="passed">
                    <name>Given I am on main application page</name>
                    <title>Given I am on main application page</title>
                    <attachments/>
                    <steps/>
                </step>
                <step start="1536241493586" stop="1536241495497" status="passed">
                    <name>When I login as correct user</name>
                    <title>When I login as correct user</title>
                    <attachments>
                        <attachment title="Attachment Screenshot" source="07ebcba7-e85c-4591-835a-e01a7f0d77e0-attachment.png" type="image/png"/>
                    </attachments>
                    <steps/>
                </step>
                <step start="1536241495498" stop="1536241505825" status="passed">
                    <name>Then I see logout link</name>
                    <title>Then I see logout link</title>
                    <attachments/>
                    <steps/>
                </step>
            </steps>
            <attachments>
                <attachment title="Attachment Screenshot" source="2d349662-851a-4150-b420-6b5c3c4522dd-attachment.png" type="image/png"/>
            </attachments>
            <labels>
                <label name="story" value="valid login test"/>
                <label name="feature" value="login page functionality"/>
                <label name="host" value="MASHEEN-8QD614O"/>
                <label name="thread" value="2032@MASHEEN-8QD614O.main(1)"/>
                <label name="framework" value="CucumberJVM"/>
            </labels>
        </test-case>
        <test-case start="1536241507939" stop="1536241520216" status="passed">
            <name>invalid login test</name>
            <title>invalid login test</title>
            <description type="text"></description>
            <steps>
                <step start="1536241513605" stop="1536241516132" status="passed">
                    <name>Given I am on main application page</name>
                    <title>Given I am on main application page</title>
                    <attachments/>
                    <steps/>
                </step>
                <step start="1536241516150" stop="1536241517994" status="passed">
                    <name>When I login as user with "zelenkova-sveta" and "@bk.ru" and "Benzz2503"</name>
                    <title>When I login as user with "zelenkova-sveta" and "@bk.ru" and "Benzz2503"</title>
                    <attachments>
                        <attachment title="Attachment Screenshot" source="48ea885b-b064-4404-a7c6-1ff725644678-attachment.png" type="image/png"/>
                    </attachments>
                    <steps/>
                </step>
                <step start="1536241517995" stop="1536241518496" status="passed">
                    <name>Then I see error message</name>
                    <title>Then I see error message</title>
                    <attachments/>
                    <steps/>
                </step>
            </steps>
            <attachments>
                <attachment title="Attachment Screenshot" source="f00bb185-e86f-4b03-95e8-0d2ab7e56c98-attachment.png" type="image/png"/>
            </attachments>
            <labels>
                <label name="story" value="invalid login test"/>
                <label name="feature" value="login page functionality"/>
                <label name="host" value="MASHEEN-8QD614O"/>
                <label name="thread" value="2032@MASHEEN-8QD614O.main(1)"/>
                <label name="framework" value="CucumberJVM"/>
            </labels>
        </test-case>
        <test-case start="1536241520220" stop="1536241633622" status="broken">
            <name>invalid login test</name>
            <title>invalid login test</title>
            <description type="text"></description>
            <failure>
                <message>TimeoutException: Timed out after 100 seconds waiting for text ('Неверное имя или пароль') to be present in element Proxy element for: DefaultElementLocator 'By.xpath: //*[@id='mailbox:error']'
Build info: version: '2.53.1', revision: 'a36b8b1cd5757287168e54b817830adce9b0158d', time: '2016-06-30 19:26:09'
System info: host: 'MASHEEN-8QD614O', ip: '192.168.1.205', os.name: 'Windows 7', os.arch: 'amd64', os.version: '6.1', java.version: '1.8.0_161'
Driver info: org.openqa.selenium.chrome.ChromeDriver
Capabilities [{mobileEmulationEnabled=false, hasTouchScreen=false, platform=XP, acceptSslCerts=false, goog:chromeOptions={debuggerAddress=localhost:51685}, acceptInsecureCerts=false, webStorageEnabled=true, browserName=chrome, takesScreenshot=true, javascriptEnabled=true, setWindowRect=true, unexpectedAlertBehaviour=, applicationCacheEnabled=false, rotatable=false, networkConnectionEnabled=false, chrome={chromedriverVersion=2.41.578737 (49da6702b16031c40d63e5618de03a32ff6c197e), userDataDir=C:\Users\836D~1\AppData\Local\Temp\scoped_dir4764_2696}, takesHeapSnapshot=true, pageLoadStrategy=normal, databaseEnabled=false, handlesAlerts=true, version=68.0.3440.106, browserConnectionEnabled=false, nativeEvents=true, locationContextEnabled=true, cssSelectorsEnabled=true}]
Session ID: c3837fe5b1057424ec9b16b27b55a99d</message>
                <stack-trace>org.openqa.selenium.TimeoutException: Timed out after 100 seconds waiting for text ('Неверное имя или пароль') to be present in element Proxy element for: DefaultElementLocator 'By.xpath: //*[@id='mailbox:error']'
Build info: version: '2.53.1', revision: 'a36b8b1cd5757287168e54b817830adce9b0158d', time: '2016-06-30 19:26:09'
System info: host: 'MASHEEN-8QD614O', ip: '192.168.1.205', os.name: 'Windows 7', os.arch: 'amd64', os.version: '6.1', java.version: '1.8.0_161'
Driver info: org.openqa.selenium.chrome.ChromeDriver
Capabilities [{mobileEmulationEnabled=false, hasTouchScreen=false, platform=XP, acceptSslCerts=false, goog:chromeOptions={debuggerAddress=localhost:51685}, acceptInsecureCerts=false, webStorageEnabled=true, browserName=chrome, takesScreenshot=true, javascriptEnabled=true, setWindowRect=true, unexpectedAlertBehaviour=, applicationCacheEnabled=false, rotatable=false, networkConnectionEnabled=false, chrome={chromedriverVersion=2.41.578737 (49da6702b16031c40d63e5618de03a32ff6c197e), userDataDir=C:\Users\836D~1\AppData\Local\Temp\scoped_dir4764_2696}, takesHeapSnapshot=true, pageLoadStrategy=normal, databaseEnabled=false, handlesAlerts=true, version=68.0.3440.106, browserConnectionEnabled=false, nativeEvents=true, locationContextEnabled=true, cssSelectorsEnabled=true}]
Session ID: c3837fe5b1057424ec9b16b27b55a99d
	at org.openqa.selenium.support.ui.WebDriverWait.timeoutException(WebDriverWait.java:80)
	at org.openqa.selenium.support.ui.FluentWait.until(FluentWait.java:261)
	at edu.pht.cucumberjunit.pages.AbstractPage.waitUntilDisplayedTextInElement(AbstractPage.java:31)
	at edu.pht.cucumberjunit.pages.LoginPage.isMessageErrorPresents(LoginPage.java:56)
	at edu.pht.cucumberjunit.steps.LoginSteps.seeErrorMessage(LoginSteps.java:61)
	at ✽.Then I see error message(Login.feature:31)
Caused by: org.openqa.selenium.NoSuchElementException: no such element: Unable to locate element: {"method":"xpath","selector":"//*[@id='mailbox:error']"}
  (Session info: chrome=68.0.3440.106)
  (Driver info: chromedriver=2.41.578737 (49da6702b16031c40d63e5618de03a32ff6c197e),platform=Windows NT 6.1.7601 SP1 x86_64) (WARNING: The server did not provide any stacktrace information)
Command duration or timeout: 36 milliseconds
For documentation on this error, please visit: http://seleniumhq.org/exceptions/no_such_element.html
Build info: version: '2.53.1', revision: 'a36b8b1cd5757287168e54b817830adce9b0158d', time: '2016-06-30 19:26:09'
System info: host: 'MASHEEN-8QD614O', ip: '192.168.1.205', os.name: 'Windows 7', os.arch: 'amd64', os.version: '6.1', java.version: '1.8.0_161'
Driver info: org.openqa.selenium.chrome.ChromeDriver
Capabilities [{mobileEmulationEnabled=false, hasTouchScreen=false, platform=XP, acceptSslCerts=false, goog:chromeOptions={debuggerAddress=localhost:51685}, acceptInsecureCerts=false, webStorageEnabled=true, browserName=chrome, takesScreenshot=true, javascriptEnabled=true, setWindowRect=true, unexpectedAlertBehaviour=, applicationCacheEnabled=false, rotatable=false, networkConnectionEnabled=false, chrome={chromedriverVersion=2.41.578737 (49da6702b16031c40d63e5618de03a32ff6c197e), userDataDir=C:\Users\836D~1\AppData\Local\Temp\scoped_dir4764_2696}, takesHeapSnapshot=true, pageLoadStrategy=normal, databaseEnabled=false, handlesAlerts=true, version=68.0.3440.106, browserConnectionEnabled=false, nativeEvents=true, locationContextEnabled=true, cssSelectorsEnabled=true}]
Session ID: c3837fe5b1057424ec9b16b27b55a99d
*** Element info: {Using=xpath, value=//*[@id='mailbox:error']}
	at sun.reflect.GeneratedConstructorAccessor21.newInstance(Unknown Source)
	at sun.reflect.DelegatingConstructorAccessorImpl.newInstance(DelegatingConstructorAccessorImpl.java:45)
	at java.lang.reflect.Constructor.newInstance(Constructor.java:423)
	at org.openqa.selenium.remote.ErrorHandler.createThrowable(ErrorHandler.java:206)
	at org.openqa.selenium.remote.ErrorHandler.throwIfResponseFailed(ErrorHandler.java:158)
	at org.openqa.selenium.remote.RemoteWebDriver.execute(RemoteWebDriver.java:678)
	at org.openqa.selenium.remote.RemoteWebDriver.findElement(RemoteWebDriver.java:363)
	at org.openqa.selenium.remote.RemoteWebDriver.findElementByXPath(RemoteWebDriver.java:500)
	at org.openqa.selenium.By$ByXPath.findElement(By.java:361)
	at org.openqa.selenium.remote.RemoteWebDriver.findElement(RemoteWebDriver.java:355)
	at org.openqa.selenium.support.pagefactory.DefaultElementLocator.findElement(DefaultElementLocator.java:69)
	at org.openqa.selenium.support.pagefactory.internal.LocatingElementHandler.invoke(LocatingElementHandler.java:38)
	at com.sun.proxy.$Proxy18.getText(Unknown Source)
	at org.openqa.selenium.support.ui.ExpectedConditions$12.apply(ExpectedConditions.java:341)
	at org.openqa.selenium.support.ui.ExpectedConditions$12.apply(ExpectedConditions.java:337)
	at org.openqa.selenium.support.ui.FluentWait.until(FluentWait.java:238)
	at edu.pht.cucumberjunit.pages.AbstractPage.waitUntilDisplayedTextInElement(AbstractPage.java:31)
	at edu.pht.cucumberjunit.pages.LoginPage.isMessageErrorPresents(LoginPage.java:56)
	at edu.pht.cucumberjunit.steps.LoginSteps.seeErrorMessage(LoginSteps.java:61)
	at sun.reflect.NativeMethodAccessorImpl.invoke0(Native Method)
	at sun.reflect.NativeMethodAccessorImpl.invoke(NativeMethodAccessorImpl.java:62)
	at sun.reflect.DelegatingMethodAccessorImpl.invoke(DelegatingMethodAccessorImpl.java:43)
	at java.lang.reflect.Method.invoke(Method.java:498)
	at cucumber.runtime.Utils$1.call(Utils.java:40)
	at cucumber.runtime.Timeout.timeout(Timeout.java:16)
	at cucumber.runtime.Utils.invoke(Utils.java:34)
	at cucumber.runtime.java.JavaStepDefinition.execute(JavaStepDefinition.java:38)
	at cucumber.runtime.StepDefinitionMatch.runStep(StepDefinitionMatch.java:37)
	at cucumber.runtime.Runtime.runStep(Runtime.java:300)
	at cucumber.runtime.model.StepContainer.runStep(StepContainer.java:44)
	at cucumber.runtime.model.StepContainer.runSteps(StepContainer.java:39)
	at cucumber.runtime.model.CucumberScenario.run(CucumberScenario.java:44)
	at cucumber.runtime.model.CucumberScenarioOutline.run(CucumberScenarioOutline.java:46)
	at cucumber.runtime.model.CucumberFeature.run(CucumberFeature.java:165)
	at cucumber.api.testng.TestNGCucumberRunner.runCucumber(TestNGCucumberRunner.java:63)
	at cucumber.api.testng.AbstractTestNGCucumberTests.feature(AbstractTestNGCucumberTests.java:21)
	at sun.reflect.NativeMethodAccessorImpl.invoke0(Native Method)
	at sun.reflect.NativeMethodAccessorImpl.invoke(NativeMethodAccessorImpl.java:62)
	at sun.reflect.DelegatingMethodAccessorImpl.invoke(DelegatingMethodAccessorImpl.java:43)
	at java.lang.reflect.Method.invoke(Method.java:498)
	at org.testng.internal.MethodInvocationHelper.invokeMethod(MethodInvocationHelper.java:108)
	at org.testng.internal.Invoker.invokeMethod(Invoker.java:661)
	at org.testng.internal.Invoker.invokeTestMethod(Invoker.java:869)
	at org.testng.internal.Invoker.invokeTestMethods(Invoker.java:1193)
	at org.testng.internal.TestMethodWorker.invokeTestMethods(TestMethodWorker.java:126)
	at org.testng.internal.TestMethodWorker.run(TestMethodWorker.java:109)
	at org.testng.TestRunner.privateRun(TestRunner.java:744)
	at org.testng.TestRunner.run(TestRunner.java:602)
	at org.testng.SuiteRunner.runTest(SuiteRunner.java:380)
	at org.testng.SuiteRunner.runSequentially(SuiteRunner.java:375)
	at org.testng.SuiteRunner.privateRun(SuiteRunner.java:340)
	at org.testng.SuiteRunner.run(SuiteRunner.java:289)
	at org.testng.SuiteRunnerWorker.runSuite(SuiteRunnerWorker.java:52)
	at org.testng.SuiteRunnerWorker.run(SuiteRunnerWorker.java:86)
	at org.testng.TestNG.runSuitesSequentially(TestNG.java:1301)
	at org.testng.TestNG.runSuitesLocally(TestNG.java:1226)
	at org.testng.TestNG.runSuites(TestNG.java:1144)
	at org.testng.TestNG.run(TestNG.java:1115)
	at org.apache.maven.surefire.testng.TestNGExecutor.run(TestNGExecutor.java:132)
	at org.apache.maven.surefire.testng.TestNGDirectoryTestSuite.executeSingleClass(TestNGDirectoryTestSuite.java:112)
	at org.apache.maven.surefire.testng.TestNGDirectoryTestSuite.execute(TestNGDirectoryTestSuite.java:99)
	at org.apache.maven.surefire.testng.TestNGProvider.invoke(TestNGProvider.java:147)
	at org.apache.maven.surefire.booter.ForkedBooter.invokeProviderInSameClassLoader(ForkedBooter.java:290)
	at org.apache.maven.surefire.booter.ForkedBooter.runSuitesInProcess(ForkedBooter.java:242)
	at org.apache.maven.surefire.booter.ForkedBooter.main(ForkedBooter.java:121)
</stack-trace>
            </failure>
            <steps>
                <step start="1536241523504" stop="1536241528148" status="passed">
                    <name>Given I am on main application page</name>
                    <title>Given I am on main application page</title>
                </step>
                <step start="1536241528150" stop="1536241530086" status="passed">
                    <name>When I login as user with "zelenkova_sveta" and "@bk.ru" and "Benz2503"</name>
                    <title>When I login as user with "zelenkova_sveta" and "@bk.ru" and "Benz2503"</title>
                    <attachments>
                        <attachment title="Attachment Screenshot" source="ea5b41ac-d5e9-4d3b-ae4b-ec2eb0d70c1f-attachment.png" type="image/png"/>
                    </attachments>
                </step>
                <step start="1536241530086" stop="1536241630752" status="broken">
                    <name>Then I see error message</name>
                    <title>Then I see error message</title>
                </step>
            </steps>
            <attachments>
                <attachment title="Attachment Screenshot" source="352b5cd4-c2b0-4aff-b789-b85972824c4a-attachment.png" type="image/png"/>
            </attachments>
            <labels>
                <label name="story" value="invalid login test"/>
                <label name="feature" value="login page functionality"/>
                <label name="host" value="MASHEEN-8QD614O"/>
                <label name="thread" value="2032@MASHEEN-8QD614O.main(1)"/>
                <label name="framework" value="CucumberJVM"/>
            </labels>
        </test-case>
    </test-cases>
    <labels>
        <label name="feature" value="login page functionality"/>
        <label name="language" value="JAVA"/>
    </labels>
</ns2:test-suite>
