<?xml version="1.0" encoding="UTF-8" standalone="yes"?>
<ns2:test-suite start="1536230399769" stop="1536230430238" version="1.5.2" xmlns:ns2="urn:model.allure.qatools.yandex.ru">
    <name>testing the creation of a letter for the group of people</name>
    <description type="text"></description>
    <test-cases>
        <test-case start="1536230399772" stop="1536230430237" status="broken">
            <name>a letter for the group of people</name>
            <title>a letter for the group of people</title>
            <description type="text"></description>
            <failure>
                <message>InvalidElementStateException: invalid element state: Element is not currently interactable and may not be manipulated
  (Session info: chrome=68.0.3440.106)
  (Driver info: chromedriver=2.41.578737 (49da6702b16031c40d63e5618de03a32ff6c197e),platform=Windows NT 6.1.7601 SP1 x86_64) (WARNING: The server did not provide any stacktrace information)
Command duration or timeout: 118 milliseconds
Build info: version: '2.53.1', revision: 'a36b8b1cd5757287168e54b817830adce9b0158d', time: '2016-06-30 19:26:09'
System info: host: 'MASHEEN-8QD614O', ip: '192.168.1.205', os.name: 'Windows 7', os.arch: 'amd64', os.version: '6.1', java.version: '1.8.0_161'
Driver info: org.openqa.selenium.chrome.ChromeDriver
Capabilities [{mobileEmulationEnabled=false, hasTouchScreen=false, platform=XP, acceptSslCerts=false, goog:chromeOptions={debuggerAddress=localhost:54916}, acceptInsecureCerts=false, webStorageEnabled=true, browserName=chrome, takesScreenshot=true, javascriptEnabled=true, setWindowRect=true, unexpectedAlertBehaviour=, applicationCacheEnabled=false, rotatable=false, networkConnectionEnabled=false, chrome={chromedriverVersion=2.41.578737 (49da6702b16031c40d63e5618de03a32ff6c197e), userDataDir=C:\Users\836D~1\AppData\Local\Temp\scoped_dir5088_31204}, takesHeapSnapshot=true, pageLoadStrategy=normal, databaseEnabled=false, handlesAlerts=true, version=68.0.3440.106, browserConnectionEnabled=false, nativeEvents=true, locationContextEnabled=true, cssSelectorsEnabled=true}]
Session ID: 33c7d59fbc1626468c5233ad507c9fd7</message>
                <stack-trace>org.openqa.selenium.InvalidElementStateException: invalid element state: Element is not currently interactable and may not be manipulated
  (Session info: chrome=68.0.3440.106)
  (Driver info: chromedriver=2.41.578737 (49da6702b16031c40d63e5618de03a32ff6c197e),platform=Windows NT 6.1.7601 SP1 x86_64) (WARNING: The server did not provide any stacktrace information)
Command duration or timeout: 118 milliseconds
Build info: version: '2.53.1', revision: 'a36b8b1cd5757287168e54b817830adce9b0158d', time: '2016-06-30 19:26:09'
System info: host: 'MASHEEN-8QD614O', ip: '192.168.1.205', os.name: 'Windows 7', os.arch: 'amd64', os.version: '6.1', java.version: '1.8.0_161'
Driver info: org.openqa.selenium.chrome.ChromeDriver
Capabilities [{mobileEmulationEnabled=false, hasTouchScreen=false, platform=XP, acceptSslCerts=false, goog:chromeOptions={debuggerAddress=localhost:54916}, acceptInsecureCerts=false, webStorageEnabled=true, browserName=chrome, takesScreenshot=true, javascriptEnabled=true, setWindowRect=true, unexpectedAlertBehaviour=, applicationCacheEnabled=false, rotatable=false, networkConnectionEnabled=false, chrome={chromedriverVersion=2.41.578737 (49da6702b16031c40d63e5618de03a32ff6c197e), userDataDir=C:\Users\836D~1\AppData\Local\Temp\scoped_dir5088_31204}, takesHeapSnapshot=true, pageLoadStrategy=normal, databaseEnabled=false, handlesAlerts=true, version=68.0.3440.106, browserConnectionEnabled=false, nativeEvents=true, locationContextEnabled=true, cssSelectorsEnabled=true}]
Session ID: 33c7d59fbc1626468c5233ad507c9fd7
	at sun.reflect.NativeConstructorAccessorImpl.newInstance0(Native Method)
	at sun.reflect.NativeConstructorAccessorImpl.newInstance(NativeConstructorAccessorImpl.java:62)
	at sun.reflect.DelegatingConstructorAccessorImpl.newInstance(DelegatingConstructorAccessorImpl.java:45)
	at java.lang.reflect.Constructor.newInstance(Constructor.java:423)
	at org.openqa.selenium.remote.ErrorHandler.createThrowable(ErrorHandler.java:206)
	at org.openqa.selenium.remote.ErrorHandler.throwIfResponseFailed(ErrorHandler.java:158)
	at org.openqa.selenium.remote.RemoteWebDriver.execute(RemoteWebDriver.java:678)
	at org.openqa.selenium.remote.RemoteWebElement.execute(RemoteWebElement.java:327)
	at org.openqa.selenium.remote.RemoteWebElement.clear(RemoteWebElement.java:140)
	at sun.reflect.GeneratedMethodAccessor26.invoke(Unknown Source)
	at sun.reflect.DelegatingMethodAccessorImpl.invoke(DelegatingMethodAccessorImpl.java:43)
	at java.lang.reflect.Method.invoke(Method.java:498)
	at org.openqa.selenium.support.pagefactory.internal.LocatingElementHandler.invoke(LocatingElementHandler.java:51)
	at com.sun.proxy.$Proxy18.clear(Unknown Source)
	at edu.pht.cucumberjunit.pages.CreateEmailPage.enterRecipientsEmailAddress(CreateEmailPage.java:41)
	at edu.pht.cucumberjunit.steps.CreateEmailSteps.enterEmailAddress(CreateEmailSteps.java:30)
	at âœ½.And I enter the recipients email address(SendEmailToGroupRecivers.feature:26)
</stack-trace>
            </failure>
            <steps>
                <step start="1536230405361" stop="1536230407861" status="passed">
                    <name>Given I am on main application page</name>
                    <title>Given I am on main application page</title>
                </step>
                <step start="1536230407862" stop="1536230410445" status="passed">
                    <name>When I login as correct user</name>
                    <title>When I login as correct user</title>
                    <attachments>
                        <attachment title="Attachment Screenshot" source="918c90ba-b9ca-48e6-b66a-8cc577e82b80-attachment.png" type="image/png"/>
                    </attachments>
                </step>
                <step start="1536230410445" stop="1536230424935" status="passed">
                    <name>And I click on the button create mail</name>
                    <title>And I click on the button create mail</title>
                </step>
                <step start="1536230424936" stop="1536230428504" status="broken">
                    <name>And I enter the recipients email address</name>
                    <title>And I enter the recipients email address</title>
                </step>
                <step start="1536230428504" stop="1536230428504" status="canceled">
                    <name>And I enter more recipients email addresses "lana_zelenkova@tut.by", "nika.benz@tut.by"</name>
                    <title>And I enter more recipients email addresses "lana_zelenkova@tut.by", "nika.benz@tut.by"</title>
                </step>
                <step start="1536230428505" stop="1536230428505" status="canceled">
                    <name>And I enter the subject of the email</name>
                    <title>And I enter the subject of the email</title>
                </step>
                <step start="1536230428505" stop="1536230428505" status="canceled">
                    <name>And I enter the body of the email</name>
                    <title>And I enter the body of the email</title>
                </step>
                <step start="1536230428505" stop="1536230428505" status="canceled">
                    <name>And I click on the button send mail</name>
                    <title>And I click on the button send mail</title>
                </step>
                <step start="1536230428505" stop="1536230428505" status="canceled">
                    <name>Then I see message Your letter has been sent</name>
                    <title>Then I see message Your letter has been sent</title>
                </step>
            </steps>
            <attachments>
                <attachment title="Attachment Screenshot" source="f69729cd-e256-4a5c-9809-1354108ee3a3-attachment.png" type="image/png"/>
            </attachments>
            <labels>
                <label name="story" value="a letter for the group of people"/>
                <label name="feature" value="testing the creation of a letter for the group of people"/>
                <label name="host" value="MASHEEN-8QD614O"/>
                <label name="thread" value="732@MASHEEN-8QD614O.main(1)"/>
                <label name="framework" value="CucumberJVM"/>
            </labels>
        </test-case>
    </test-cases>
    <labels>
        <label name="feature" value="testing the creation of a letter for the group of people"/>
        <label name="language" value="JAVA"/>
    </labels>
</ns2:test-suite>
