<?xml version="1.0" encoding="UTF-8" standalone="yes"?>
<ns2:test-suite start="1536275378589" stop="1536275427407" version="1.5.2" xmlns:ns2="urn:model.allure.qatools.yandex.ru">
    <name>Testing the creation of a letter for the group of people with data from DB</name>
    <description type="text"></description>
    <test-cases>
        <test-case start="1536275378703" stop="1536275427400" status="broken">
            <name>Create email for the group of people with data from DB</name>
            <title>Create email for the group of people with data from DB</title>
            <description type="text"></description>
            <failure>
                <message>WebDriverException: unknown error: keys should be a string
  (Session info: chrome=68.0.3440.106)
  (Driver info: chromedriver=2.41.578737 (49da6702b16031c40d63e5618de03a32ff6c197e),platform=Windows NT 6.1.7601 SP1 x86_64) (WARNING: The server did not provide any stacktrace information)
Command duration or timeout: 66 milliseconds
Build info: version: '2.53.1', revision: 'a36b8b1cd5757287168e54b817830adce9b0158d', time: '2016-06-30 19:26:09'
System info: host: 'MASHEEN-8QD614O', ip: '192.168.1.205', os.name: 'Windows 7', os.arch: 'amd64', os.version: '6.1', java.version: '1.8.0_161'
Driver info: org.openqa.selenium.chrome.ChromeDriver
Capabilities [{mobileEmulationEnabled=false, hasTouchScreen=false, platform=XP, acceptSslCerts=false, goog:chromeOptions={debuggerAddress=localhost:50233}, acceptInsecureCerts=false, webStorageEnabled=true, browserName=chrome, takesScreenshot=true, javascriptEnabled=true, setWindowRect=true, unexpectedAlertBehaviour=, applicationCacheEnabled=false, rotatable=false, networkConnectionEnabled=false, chrome={chromedriverVersion=2.41.578737 (49da6702b16031c40d63e5618de03a32ff6c197e), userDataDir=C:\Users\836D~1\AppData\Local\Temp\scoped_dir940_16684}, takesHeapSnapshot=true, pageLoadStrategy=normal, databaseEnabled=false, handlesAlerts=true, version=68.0.3440.106, browserConnectionEnabled=false, nativeEvents=true, locationContextEnabled=true, cssSelectorsEnabled=true}]
Session ID: 042b856786d1d3d60eb7782c3bfe1ac1</message>
                <stack-trace>org.openqa.selenium.WebDriverException: unknown error: keys should be a string
  (Session info: chrome=68.0.3440.106)
  (Driver info: chromedriver=2.41.578737 (49da6702b16031c40d63e5618de03a32ff6c197e),platform=Windows NT 6.1.7601 SP1 x86_64) (WARNING: The server did not provide any stacktrace information)
Command duration or timeout: 66 milliseconds
Build info: version: '2.53.1', revision: 'a36b8b1cd5757287168e54b817830adce9b0158d', time: '2016-06-30 19:26:09'
System info: host: 'MASHEEN-8QD614O', ip: '192.168.1.205', os.name: 'Windows 7', os.arch: 'amd64', os.version: '6.1', java.version: '1.8.0_161'
Driver info: org.openqa.selenium.chrome.ChromeDriver
Capabilities [{mobileEmulationEnabled=false, hasTouchScreen=false, platform=XP, acceptSslCerts=false, goog:chromeOptions={debuggerAddress=localhost:50233}, acceptInsecureCerts=false, webStorageEnabled=true, browserName=chrome, takesScreenshot=true, javascriptEnabled=true, setWindowRect=true, unexpectedAlertBehaviour=, applicationCacheEnabled=false, rotatable=false, networkConnectionEnabled=false, chrome={chromedriverVersion=2.41.578737 (49da6702b16031c40d63e5618de03a32ff6c197e), userDataDir=C:\Users\836D~1\AppData\Local\Temp\scoped_dir940_16684}, takesHeapSnapshot=true, pageLoadStrategy=normal, databaseEnabled=false, handlesAlerts=true, version=68.0.3440.106, browserConnectionEnabled=false, nativeEvents=true, locationContextEnabled=true, cssSelectorsEnabled=true}]
Session ID: 042b856786d1d3d60eb7782c3bfe1ac1
	at sun.reflect.NativeConstructorAccessorImpl.newInstance0(Native Method)
	at sun.reflect.NativeConstructorAccessorImpl.newInstance(NativeConstructorAccessorImpl.java:62)
	at sun.reflect.DelegatingConstructorAccessorImpl.newInstance(DelegatingConstructorAccessorImpl.java:45)
	at java.lang.reflect.Constructor.newInstance(Constructor.java:423)
	at org.openqa.selenium.remote.ErrorHandler.createThrowable(ErrorHandler.java:206)
	at org.openqa.selenium.remote.ErrorHandler.throwIfResponseFailed(ErrorHandler.java:158)
	at org.openqa.selenium.remote.RemoteWebDriver.execute(RemoteWebDriver.java:678)
	at org.openqa.selenium.remote.RemoteWebElement.execute(RemoteWebElement.java:327)
	at org.openqa.selenium.remote.RemoteWebElement.sendKeys(RemoteWebElement.java:122)
	at sun.reflect.NativeMethodAccessorImpl.invoke0(Native Method)
	at sun.reflect.NativeMethodAccessorImpl.invoke(NativeMethodAccessorImpl.java:62)
	at sun.reflect.DelegatingMethodAccessorImpl.invoke(DelegatingMethodAccessorImpl.java:43)
	at java.lang.reflect.Method.invoke(Method.java:498)
	at org.openqa.selenium.support.pagefactory.internal.LocatingElementHandler.invoke(LocatingElementHandler.java:51)
	at com.sun.proxy.$Proxy20.sendKeys(Unknown Source)
	at edu.pht.cucumberjunit.pages.CreateEmailPage.enterRecipientsEmailAddress(CreateEmailPage.java:42)
	at edu.pht.cucumberjunit.steps.CreateEmailSteps.setFullInfo(CreateEmailSteps.java:91)
	at edu.pht.cucumberjunit.steps.CreateEmailSteps.enterFullEmailsInfoFromXML(CreateEmailSteps.java:69)
	at âœ½.And I enter the recipients email address, more addresses as copyTo, subject of the email, body of the email with 4 from XML(features/featureFiles/CreateEmailWithDataFromXML.feature:26)
</stack-trace>
            </failure>
            <steps>
                <step start="1536275391617" stop="1536275396343" status="passed">
                    <name>Given I am on main application page</name>
                    <title>Given I am on main application page</title>
                </step>
                <step start="1536275396346" stop="1536275399505" status="passed">
                    <name>When I login as correct user</name>
                    <title>When I login as correct user</title>
                    <attachments>
                        <attachment title="Attachment Screenshot" source="e6eeea49-bb99-4a73-8b8f-dac8f61422f2-attachment.png" type="image/png"/>
                    </attachments>
                </step>
                <step start="1536275399506" stop="1536275418022" status="passed">
                    <name>And I click on the button create mail</name>
                    <title>And I click on the button create mail</title>
                </step>
                <step start="1536275418026" stop="1536275423226" status="broken">
                    <name>And I enter the recipients email address, more addresses as copyTo, subject of the email, body of the email with 4 from XML</name>
                    <title>And I enter the recipients email address, more addresses as copyTo, subject of the email, body of the email with 4 from XML</title>
                </step>
                <step start="1536275423226" stop="1536275423230" status="canceled">
                    <name>And I click on the button send mail</name>
                    <title>And I click on the button send mail</title>
                </step>
                <step start="1536275423230" stop="1536275423230" status="canceled">
                    <name>Then I see message Your letter has been sent</name>
                    <title>Then I see message Your letter has been sent</title>
                </step>
            </steps>
            <attachments>
                <attachment title="Attachment Screenshot" source="3f543612-4374-4be5-8701-0b529513ac1e-attachment.png" type="image/png"/>
            </attachments>
            <labels>
                <label name="story" value="Create email for the group of people with data from DB"/>
                <label name="feature" value="Testing the creation of a letter for the group of people with data from DB"/>
                <label name="host" value="MASHEEN-8QD614O"/>
                <label name="thread" value="1264@MASHEEN-8QD614O.main(1)"/>
                <label name="framework" value="CucumberJVM"/>
            </labels>
        </test-case>
    </test-cases>
    <labels>
        <label name="feature" value="Testing the creation of a letter for the group of people with data from DB"/>
        <label name="language" value="JAVA"/>
    </labels>
</ns2:test-suite>
