<?xml version="1.0" encoding="UTF-8" standalone="yes"?>
<ns2:test-suite start="1536230903598" stop="1536230913632" version="1.5.2" xmlns:ns2="urn:model.allure.qatools.yandex.ru">
    <name>Uncheck flag from the email</name>
    <description type="text"></description>
    <test-cases>
        <test-case start="1536230903599" stop="1536230913632" status="broken">
            <name>Uncheck flag from the email</name>
            <title>Uncheck flag from the email</title>
            <description type="text"></description>
            <failure>
                <message>WebDriverException: chrome not reachable
  (Session info: chrome=68.0.3440.106)
  (Driver info: chromedriver=2.41.578737 (49da6702b16031c40d63e5618de03a32ff6c197e),platform=Windows NT 6.1.7601 SP1 x86_64) (WARNING: The server did not provide any stacktrace information)
Command duration or timeout: 6.01 seconds
Build info: version: '2.53.1', revision: 'a36b8b1cd5757287168e54b817830adce9b0158d', time: '2016-06-30 19:26:09'
System info: host: 'MASHEEN-8QD614O', ip: '192.168.1.205', os.name: 'Windows 7', os.arch: 'amd64', os.version: '6.1', java.version: '1.8.0_161'
Driver info: org.openqa.selenium.chrome.ChromeDriver
Capabilities [{mobileEmulationEnabled=false, hasTouchScreen=false, platform=XP, acceptSslCerts=false, goog:chromeOptions={debuggerAddress=localhost:55965}, acceptInsecureCerts=false, webStorageEnabled=true, browserName=chrome, takesScreenshot=true, javascriptEnabled=true, setWindowRect=true, unexpectedAlertBehaviour=, applicationCacheEnabled=false, rotatable=false, networkConnectionEnabled=false, chrome={chromedriverVersion=2.41.578737 (49da6702b16031c40d63e5618de03a32ff6c197e), userDataDir=C:\Users\836D~1\AppData\Local\Temp\scoped_dir4624_8469}, takesHeapSnapshot=true, pageLoadStrategy=normal, databaseEnabled=false, handlesAlerts=true, version=68.0.3440.106, browserConnectionEnabled=false, nativeEvents=true, locationContextEnabled=true, cssSelectorsEnabled=true}]
Session ID: f7d78eba4f5d94f06af237d4b097618f</message>
                <stack-trace>org.openqa.selenium.WebDriverException: chrome not reachable
  (Session info: chrome=68.0.3440.106)
  (Driver info: chromedriver=2.41.578737 (49da6702b16031c40d63e5618de03a32ff6c197e),platform=Windows NT 6.1.7601 SP1 x86_64) (WARNING: The server did not provide any stacktrace information)
Command duration or timeout: 6.01 seconds
Build info: version: '2.53.1', revision: 'a36b8b1cd5757287168e54b817830adce9b0158d', time: '2016-06-30 19:26:09'
System info: host: 'MASHEEN-8QD614O', ip: '192.168.1.205', os.name: 'Windows 7', os.arch: 'amd64', os.version: '6.1', java.version: '1.8.0_161'
Driver info: org.openqa.selenium.chrome.ChromeDriver
Capabilities [{mobileEmulationEnabled=false, hasTouchScreen=false, platform=XP, acceptSslCerts=false, goog:chromeOptions={debuggerAddress=localhost:55965}, acceptInsecureCerts=false, webStorageEnabled=true, browserName=chrome, takesScreenshot=true, javascriptEnabled=true, setWindowRect=true, unexpectedAlertBehaviour=, applicationCacheEnabled=false, rotatable=false, networkConnectionEnabled=false, chrome={chromedriverVersion=2.41.578737 (49da6702b16031c40d63e5618de03a32ff6c197e), userDataDir=C:\Users\836D~1\AppData\Local\Temp\scoped_dir4624_8469}, takesHeapSnapshot=true, pageLoadStrategy=normal, databaseEnabled=false, handlesAlerts=true, version=68.0.3440.106, browserConnectionEnabled=false, nativeEvents=true, locationContextEnabled=true, cssSelectorsEnabled=true}]
Session ID: f7d78eba4f5d94f06af237d4b097618f
	at sun.reflect.NativeConstructorAccessorImpl.newInstance0(Native Method)
	at sun.reflect.NativeConstructorAccessorImpl.newInstance(NativeConstructorAccessorImpl.java:62)
	at sun.reflect.DelegatingConstructorAccessorImpl.newInstance(DelegatingConstructorAccessorImpl.java:45)
	at java.lang.reflect.Constructor.newInstance(Constructor.java:423)
	at org.openqa.selenium.remote.ErrorHandler.createThrowable(ErrorHandler.java:206)
	at org.openqa.selenium.remote.ErrorHandler.throwIfResponseFailed(ErrorHandler.java:158)
	at org.openqa.selenium.remote.RemoteWebDriver.execute(RemoteWebDriver.java:678)
	at org.openqa.selenium.remote.RemoteWebDriver.get(RemoteWebDriver.java:316)
	at edu.pht.cucumberjunit.steps.LoginSteps.loadMainPage(LoginSteps.java:39)
	at âœ½.Given I am on main application page(UnmarkAllFlags.feature:23)
</stack-trace>
            </failure>
            <steps>
                <step start="1536230903603" stop="1536230909621" status="broken">
                    <name>Given I am on main application page</name>
                    <title>Given I am on main application page</title>
                </step>
                <step start="1536230909622" stop="1536230909622" status="canceled">
                    <name>When I login as correct user</name>
                    <title>When I login as correct user</title>
                </step>
                <step start="1536230909622" stop="1536230909622" status="canceled">
                    <name>And I click on the button filter the emails marked with a check mark</name>
                    <title>And I click on the button filter the emails marked with a check mark</title>
                </step>
                <step start="1536230909622" stop="1536230909623" status="canceled">
                    <name>And I choose all emails</name>
                    <title>And I choose all emails</title>
                </step>
                <step start="1536230909623" stop="1536230909623" status="canceled">
                    <name>And I click on the button more actions</name>
                    <title>And I click on the button more actions</title>
                </step>
                <step start="1536230909623" stop="1536230909623" status="canceled">
                    <name>And I click on the uncheck the flag link</name>
                    <title>And I click on the uncheck the flag link</title>
                </step>
                <step start="1536230909623" stop="1536230909623" status="canceled">
                    <name>Then I see message no emails that fall under the filter conditions</name>
                    <title>Then I see message no emails that fall under the filter conditions</title>
                </step>
            </steps>
            <attachments/>
            <labels>
                <label name="story" value="Uncheck flag from the email"/>
                <label name="feature" value="Uncheck flag from the email"/>
                <label name="host" value="MASHEEN-8QD614O"/>
                <label name="thread" value="3824@MASHEEN-8QD614O.main(1)"/>
                <label name="framework" value="CucumberJVM"/>
            </labels>
        </test-case>
    </test-cases>
    <labels>
        <label name="feature" value="Uncheck flag from the email"/>
        <label name="language" value="JAVA"/>
    </labels>
</ns2:test-suite>
