{
  "uid" : "2afb7953aa00ea5f",
  "name" : "invalid login test",
  "title" : "invalid login test",
  "time" : {
    "start" : 1536237736932,
    "stop" : 1536237848083,
    "duration" : 111151
  },
  "summary" : {
    "attachments" : 2,
    "steps" : 3
  },
  "failure" : {
    "message" : "TimeoutException: Timed out after 100 seconds waiting for text ('Неверное имя или пароль') to be present in element Proxy element for: DefaultElementLocator 'By.xpath: //*[@id='mailbox:error']'\nBuild info: version: '2.53.1', revision: 'a36b8b1cd5757287168e54b817830adce9b0158d', time: '2016-06-30 19:26:09'\nSystem info: host: 'MASHEEN-8QD614O', ip: '192.168.1.205', os.name: 'Windows 7', os.arch: 'amd64', os.version: '6.1', java.version: '1.8.0_161'\nDriver info: org.openqa.selenium.chrome.ChromeDriver\nCapabilities [{mobileEmulationEnabled=false, hasTouchScreen=false, platform=XP, acceptSslCerts=false, goog:chromeOptions={debuggerAddress=localhost:50092}, acceptInsecureCerts=false, webStorageEnabled=true, browserName=chrome, takesScreenshot=true, javascriptEnabled=true, setWindowRect=true, unexpectedAlertBehaviour=, applicationCacheEnabled=false, rotatable=false, networkConnectionEnabled=false, chrome={chromedriverVersion=2.41.578737 (49da6702b16031c40d63e5618de03a32ff6c197e), userDataDir=C:\\Users\\836D~1\\AppData\\Local\\Temp\\scoped_dir4452_2198}, takesHeapSnapshot=true, pageLoadStrategy=normal, databaseEnabled=false, handlesAlerts=true, version=68.0.3440.106, browserConnectionEnabled=false, nativeEvents=true, locationContextEnabled=true, cssSelectorsEnabled=true}]\nSession ID: 026d3468f653a0459f61e6ea0528e6ad",
    "stackTrace" : "org.openqa.selenium.TimeoutException: Timed out after 100 seconds waiting for text ('Неверное имя или пароль') to be present in element Proxy element for: DefaultElementLocator 'By.xpath: //*[@id='mailbox:error']'\nBuild info: version: '2.53.1', revision: 'a36b8b1cd5757287168e54b817830adce9b0158d', time: '2016-06-30 19:26:09'\nSystem info: host: 'MASHEEN-8QD614O', ip: '192.168.1.205', os.name: 'Windows 7', os.arch: 'amd64', os.version: '6.1', java.version: '1.8.0_161'\nDriver info: org.openqa.selenium.chrome.ChromeDriver\nCapabilities [{mobileEmulationEnabled=false, hasTouchScreen=false, platform=XP, acceptSslCerts=false, goog:chromeOptions={debuggerAddress=localhost:50092}, acceptInsecureCerts=false, webStorageEnabled=true, browserName=chrome, takesScreenshot=true, javascriptEnabled=true, setWindowRect=true, unexpectedAlertBehaviour=, applicationCacheEnabled=false, rotatable=false, networkConnectionEnabled=false, chrome={chromedriverVersion=2.41.578737 (49da6702b16031c40d63e5618de03a32ff6c197e), userDataDir=C:\\Users\\836D~1\\AppData\\Local\\Temp\\scoped_dir4452_2198}, takesHeapSnapshot=true, pageLoadStrategy=normal, databaseEnabled=false, handlesAlerts=true, version=68.0.3440.106, browserConnectionEnabled=false, nativeEvents=true, locationContextEnabled=true, cssSelectorsEnabled=true}]\nSession ID: 026d3468f653a0459f61e6ea0528e6ad\n\tat org.openqa.selenium.support.ui.WebDriverWait.timeoutException(WebDriverWait.java:80)\n\tat org.openqa.selenium.support.ui.FluentWait.until(FluentWait.java:261)\n\tat edu.pht.cucumberjunit.pages.AbstractPage.waitUntilDisplayedTextInElement(AbstractPage.java:31)\n\tat edu.pht.cucumberjunit.pages.LoginPage.isMessageErrorPresents(LoginPage.java:56)\n\tat edu.pht.cucumberjunit.steps.LoginSteps.seeErrorMessage(LoginSteps.java:61)\n\tat ✽.Then I see error message(Login.feature:31)\nCaused by: org.openqa.selenium.NoSuchElementException: no such element: Unable to locate element: {\"method\":\"xpath\",\"selector\":\"//*[@id='mailbox:error']\"}\n  (Session info: chrome=68.0.3440.106)\n  (Driver info: chromedriver=2.41.578737 (49da6702b16031c40d63e5618de03a32ff6c197e),platform=Windows NT 6.1.7601 SP1 x86_64) (WARNING: The server did not provide any stacktrace information)\nCommand duration or timeout: 34 milliseconds\nFor documentation on this error, please visit: http://seleniumhq.org/exceptions/no_such_element.html\nBuild info: version: '2.53.1', revision: 'a36b8b1cd5757287168e54b817830adce9b0158d', time: '2016-06-30 19:26:09'\nSystem info: host: 'MASHEEN-8QD614O', ip: '192.168.1.205', os.name: 'Windows 7', os.arch: 'amd64', os.version: '6.1', java.version: '1.8.0_161'\nDriver info: org.openqa.selenium.chrome.ChromeDriver\nCapabilities [{mobileEmulationEnabled=false, hasTouchScreen=false, platform=XP, acceptSslCerts=false, goog:chromeOptions={debuggerAddress=localhost:50092}, acceptInsecureCerts=false, webStorageEnabled=true, browserName=chrome, takesScreenshot=true, javascriptEnabled=true, setWindowRect=true, unexpectedAlertBehaviour=, applicationCacheEnabled=false, rotatable=false, networkConnectionEnabled=false, chrome={chromedriverVersion=2.41.578737 (49da6702b16031c40d63e5618de03a32ff6c197e), userDataDir=C:\\Users\\836D~1\\AppData\\Local\\Temp\\scoped_dir4452_2198}, takesHeapSnapshot=true, pageLoadStrategy=normal, databaseEnabled=false, handlesAlerts=true, version=68.0.3440.106, browserConnectionEnabled=false, nativeEvents=true, locationContextEnabled=true, cssSelectorsEnabled=true}]\nSession ID: 026d3468f653a0459f61e6ea0528e6ad\n*** Element info: {Using=xpath, value=//*[@id='mailbox:error']}\n\tat sun.reflect.GeneratedConstructorAccessor21.newInstance(Unknown Source)\n\tat sun.reflect.DelegatingConstructorAccessorImpl.newInstance(DelegatingConstructorAccessorImpl.java:45)\n\tat java.lang.reflect.Constructor.newInstance(Constructor.java:423)\n\tat org.openqa.selenium.remote.ErrorHandler.createThrowable(ErrorHandler.java:206)\n\tat org.openqa.selenium.remote.ErrorHandler.throwIfResponseFailed(ErrorHandler.java:158)\n\tat org.openqa.selenium.remote.RemoteWebDriver.execute(RemoteWebDriver.java:678)\n\tat org.openqa.selenium.remote.RemoteWebDriver.findElement(RemoteWebDriver.java:363)\n\tat org.openqa.selenium.remote.RemoteWebDriver.findElementByXPath(RemoteWebDriver.java:500)\n\tat org.openqa.selenium.By$ByXPath.findElement(By.java:361)\n\tat org.openqa.selenium.remote.RemoteWebDriver.findElement(RemoteWebDriver.java:355)\n\tat org.openqa.selenium.support.pagefactory.DefaultElementLocator.findElement(DefaultElementLocator.java:69)\n\tat org.openqa.selenium.support.pagefactory.internal.LocatingElementHandler.invoke(LocatingElementHandler.java:38)\n\tat com.sun.proxy.$Proxy18.getText(Unknown Source)\n\tat org.openqa.selenium.support.ui.ExpectedConditions$12.apply(ExpectedConditions.java:341)\n\tat org.openqa.selenium.support.ui.ExpectedConditions$12.apply(ExpectedConditions.java:337)\n\tat org.openqa.selenium.support.ui.FluentWait.until(FluentWait.java:238)\n\tat edu.pht.cucumberjunit.pages.AbstractPage.waitUntilDisplayedTextInElement(AbstractPage.java:31)\n\tat edu.pht.cucumberjunit.pages.LoginPage.isMessageErrorPresents(LoginPage.java:56)\n\tat edu.pht.cucumberjunit.steps.LoginSteps.seeErrorMessage(LoginSteps.java:61)\n\tat sun.reflect.NativeMethodAccessorImpl.invoke0(Native Method)\n\tat sun.reflect.NativeMethodAccessorImpl.invoke(NativeMethodAccessorImpl.java:62)\n\tat sun.reflect.DelegatingMethodAccessorImpl.invoke(DelegatingMethodAccessorImpl.java:43)\n\tat java.lang.reflect.Method.invoke(Method.java:498)\n\tat cucumber.runtime.Utils$1.call(Utils.java:40)\n\tat cucumber.runtime.Timeout.timeout(Timeout.java:16)\n\tat cucumber.runtime.Utils.invoke(Utils.java:34)\n\tat cucumber.runtime.java.JavaStepDefinition.execute(JavaStepDefinition.java:38)\n\tat cucumber.runtime.StepDefinitionMatch.runStep(StepDefinitionMatch.java:37)\n\tat cucumber.runtime.Runtime.runStep(Runtime.java:300)\n\tat cucumber.runtime.model.StepContainer.runStep(StepContainer.java:44)\n\tat cucumber.runtime.model.StepContainer.runSteps(StepContainer.java:39)\n\tat cucumber.runtime.model.CucumberScenario.run(CucumberScenario.java:44)\n\tat cucumber.runtime.model.CucumberScenarioOutline.run(CucumberScenarioOutline.java:46)\n\tat cucumber.runtime.model.CucumberFeature.run(CucumberFeature.java:165)\n\tat cucumber.api.testng.TestNGCucumberRunner.runCucumber(TestNGCucumberRunner.java:63)\n\tat cucumber.api.testng.AbstractTestNGCucumberTests.feature(AbstractTestNGCucumberTests.java:21)\n\tat sun.reflect.NativeMethodAccessorImpl.invoke0(Native Method)\n\tat sun.reflect.NativeMethodAccessorImpl.invoke(NativeMethodAccessorImpl.java:62)\n\tat sun.reflect.DelegatingMethodAccessorImpl.invoke(DelegatingMethodAccessorImpl.java:43)\n\tat java.lang.reflect.Method.invoke(Method.java:498)\n\tat org.testng.internal.MethodInvocationHelper.invokeMethod(MethodInvocationHelper.java:108)\n\tat org.testng.internal.Invoker.invokeMethod(Invoker.java:661)\n\tat org.testng.internal.Invoker.invokeTestMethod(Invoker.java:869)\n\tat org.testng.internal.Invoker.invokeTestMethods(Invoker.java:1193)\n\tat org.testng.internal.TestMethodWorker.invokeTestMethods(TestMethodWorker.java:126)\n\tat org.testng.internal.TestMethodWorker.run(TestMethodWorker.java:109)\n\tat org.testng.TestRunner.privateRun(TestRunner.java:744)\n\tat org.testng.TestRunner.run(TestRunner.java:602)\n\tat org.testng.SuiteRunner.runTest(SuiteRunner.java:380)\n\tat org.testng.SuiteRunner.runSequentially(SuiteRunner.java:375)\n\tat org.testng.SuiteRunner.privateRun(SuiteRunner.java:340)\n\tat org.testng.SuiteRunner.run(SuiteRunner.java:289)\n\tat org.testng.SuiteRunnerWorker.runSuite(SuiteRunnerWorker.java:52)\n\tat org.testng.SuiteRunnerWorker.run(SuiteRunnerWorker.java:86)\n\tat org.testng.TestNG.runSuitesSequentially(TestNG.java:1301)\n\tat org.testng.TestNG.runSuitesLocally(TestNG.java:1226)\n\tat org.testng.TestNG.runSuites(TestNG.java:1144)\n\tat org.testng.TestNG.run(TestNG.java:1115)\n\tat org.apache.maven.surefire.testng.TestNGExecutor.run(TestNGExecutor.java:132)\n\tat org.apache.maven.surefire.testng.TestNGDirectoryTestSuite.executeSingleClass(TestNGDirectoryTestSuite.java:112)\n\tat org.apache.maven.surefire.testng.TestNGDirectoryTestSuite.execute(TestNGDirectoryTestSuite.java:99)\n\tat org.apache.maven.surefire.testng.TestNGProvider.invoke(TestNGProvider.java:147)\n\tat org.apache.maven.surefire.booter.ForkedBooter.invokeProviderInSameClassLoader(ForkedBooter.java:290)\n\tat org.apache.maven.surefire.booter.ForkedBooter.runSuitesInProcess(ForkedBooter.java:242)\n\tat org.apache.maven.surefire.booter.ForkedBooter.main(ForkedBooter.java:121)\n"
  },
  "description" : {
    "value" : null,
    "type" : "TEXT"
  },
  "severity" : "NORMAL",
  "status" : "BROKEN",
  "suite" : {
    "uid" : "d9d0948e834a8702",
    "name" : "login page functionality",
    "title" : "Login page functionality"
  },
  "steps" : [ {
    "name" : "Given I am on main application page",
    "title" : "Given I am on main application page",
    "time" : {
      "start" : 1536237739594,
      "stop" : 1536237742599,
      "duration" : 3005
    },
    "summary" : {
      "attachments" : 0,
      "steps" : 0
    },
    "status" : "PASSED",
    "attachments" : [ ],
    "steps" : [ ]
  }, {
    "name" : "When I login as user with \"zelenkova_sveta\" and \"@bk.ru\" and \"Benz2503\"",
    "title" : "When I login as user with \"zelenkova_sveta\" and \"@bk.ru\" and \"Benz2503\"",
    "time" : {
      "start" : 1536237742600,
      "stop" : 1536237745402,
      "duration" : 2802
    },
    "summary" : {
      "attachments" : 1,
      "steps" : 0
    },
    "status" : "PASSED",
    "attachments" : [ {
      "title" : "Attachment Screenshot",
      "source" : "8d6bf919-f3b2-4c2e-91ad-5e835c74272b-attachment.png",
      "type" : "image/png",
      "size" : 389228,
      "uid" : "c76bfbefddb0dc2a"
    } ],
    "steps" : [ ]
  }, {
    "name" : "Then I see error message",
    "title" : "Then I see error message",
    "time" : {
      "start" : 1536237745402,
      "stop" : 1536237845900,
      "duration" : 100498
    },
    "summary" : {
      "attachments" : 0,
      "steps" : 0
    },
    "status" : "BROKEN",
    "attachments" : [ ],
    "steps" : [ ]
  } ],
  "attachments" : [ {
    "title" : "Attachment Screenshot",
    "source" : "246f0d6f-5845-4124-adf4-d716a50d0429-attachment.png",
    "type" : "image/png",
    "size" : 358803,
    "uid" : "3a7ed8e4c01c142f"
  } ],
  "issues" : [ ],
  "testIds" : [ ],
  "labels" : [ {
    "name" : "language",
    "value" : "JAVA"
  }, {
    "name" : "thread",
    "value" : "4020@MASHEEN-8QD614O.main(1)"
  }, {
    "name" : "host",
    "value" : "MASHEEN-8QD614O"
  }, {
    "name" : "feature",
    "value" : "login page functionality"
  }, {
    "name" : "suite-name",
    "value" : "login page functionality"
  }, {
    "name" : "suite-title",
    "value" : null
  }, {
    "name" : "story",
    "value" : "invalid login test"
  }, {
    "name" : "framework",
    "value" : "CucumberJVM"
  } ],
  "parameters" : [ ]
}