{
  "uid" : "e94e3fa10fa59174",
  "name" : "valid login test",
  "title" : "valid login test",
  "time" : {
    "start" : 1536230806591,
    "stop" : 1536230829156,
    "duration" : 22565
  },
  "summary" : {
    "attachments" : 2,
    "steps" : 3
  },
  "failure" : {
    "message" : "StaleElementReferenceException: stale element reference: element is not attached to the page document\n  (Session info: chrome=68.0.3440.106)\n  (Driver info: chromedriver=2.41.578737 (49da6702b16031c40d63e5618de03a32ff6c197e),platform=Windows NT 6.1.7601 SP1 x86_64) (WARNING: The server did not provide any stacktrace information)\nCommand duration or timeout: 9.80 seconds\nFor documentation on this error, please visit: http://seleniumhq.org/exceptions/stale_element_reference.html\nBuild info: version: '2.53.1', revision: 'a36b8b1cd5757287168e54b817830adce9b0158d', time: '2016-06-30 19:26:09'\nSystem info: host: 'MASHEEN-8QD614O', ip: '192.168.1.205', os.name: 'Windows 7', os.arch: 'amd64', os.version: '6.1', java.version: '1.8.0_161'\nDriver info: org.openqa.selenium.chrome.ChromeDriver\nCapabilities [{mobileEmulationEnabled=false, hasTouchScreen=false, platform=XP, acceptSslCerts=false, goog:chromeOptions={debuggerAddress=localhost:55807}, acceptInsecureCerts=false, webStorageEnabled=true, browserName=chrome, takesScreenshot=true, javascriptEnabled=true, setWindowRect=true, unexpectedAlertBehaviour=, applicationCacheEnabled=false, rotatable=false, networkConnectionEnabled=false, chrome={chromedriverVersion=2.41.578737 (49da6702b16031c40d63e5618de03a32ff6c197e), userDataDir=C:\\Users\\836D~1\\AppData\\Local\\Temp\\scoped_dir3536_22021}, takesHeapSnapshot=true, pageLoadStrategy=normal, databaseEnabled=false, handlesAlerts=true, version=68.0.3440.106, browserConnectionEnabled=false, nativeEvents=true, locationContextEnabled=true, cssSelectorsEnabled=true}]\nSession ID: 26d97ce4617ed9d067d1c81a7bb4cb72",
    "stackTrace" : "org.openqa.selenium.StaleElementReferenceException: stale element reference: element is not attached to the page document\n  (Session info: chrome=68.0.3440.106)\n  (Driver info: chromedriver=2.41.578737 (49da6702b16031c40d63e5618de03a32ff6c197e),platform=Windows NT 6.1.7601 SP1 x86_64) (WARNING: The server did not provide any stacktrace information)\nCommand duration or timeout: 9.80 seconds\nFor documentation on this error, please visit: http://seleniumhq.org/exceptions/stale_element_reference.html\nBuild info: version: '2.53.1', revision: 'a36b8b1cd5757287168e54b817830adce9b0158d', time: '2016-06-30 19:26:09'\nSystem info: host: 'MASHEEN-8QD614O', ip: '192.168.1.205', os.name: 'Windows 7', os.arch: 'amd64', os.version: '6.1', java.version: '1.8.0_161'\nDriver info: org.openqa.selenium.chrome.ChromeDriver\nCapabilities [{mobileEmulationEnabled=false, hasTouchScreen=false, platform=XP, acceptSslCerts=false, goog:chromeOptions={debuggerAddress=localhost:55807}, acceptInsecureCerts=false, webStorageEnabled=true, browserName=chrome, takesScreenshot=true, javascriptEnabled=true, setWindowRect=true, unexpectedAlertBehaviour=, applicationCacheEnabled=false, rotatable=false, networkConnectionEnabled=false, chrome={chromedriverVersion=2.41.578737 (49da6702b16031c40d63e5618de03a32ff6c197e), userDataDir=C:\\Users\\836D~1\\AppData\\Local\\Temp\\scoped_dir3536_22021}, takesHeapSnapshot=true, pageLoadStrategy=normal, databaseEnabled=false, handlesAlerts=true, version=68.0.3440.106, browserConnectionEnabled=false, nativeEvents=true, locationContextEnabled=true, cssSelectorsEnabled=true}]\nSession ID: 26d97ce4617ed9d067d1c81a7bb4cb72\n\tat sun.reflect.NativeConstructorAccessorImpl.newInstance0(Native Method)\n\tat sun.reflect.NativeConstructorAccessorImpl.newInstance(NativeConstructorAccessorImpl.java:62)\n\tat sun.reflect.DelegatingConstructorAccessorImpl.newInstance(DelegatingConstructorAccessorImpl.java:45)\n\tat java.lang.reflect.Constructor.newInstance(Constructor.java:423)\n\tat org.openqa.selenium.remote.ErrorHandler.createThrowable(ErrorHandler.java:206)\n\tat org.openqa.selenium.remote.ErrorHandler.throwIfResponseFailed(ErrorHandler.java:158)\n\tat org.openqa.selenium.remote.RemoteWebDriver.execute(RemoteWebDriver.java:678)\n\tat org.openqa.selenium.remote.RemoteWebElement.execute(RemoteWebElement.java:327)\n\tat org.openqa.selenium.remote.RemoteWebElement.isDisplayed(RemoteWebElement.java:368)\n\tat sun.reflect.NativeMethodAccessorImpl.invoke0(Native Method)\n\tat sun.reflect.NativeMethodAccessorImpl.invoke(NativeMethodAccessorImpl.java:62)\n\tat sun.reflect.DelegatingMethodAccessorImpl.invoke(DelegatingMethodAccessorImpl.java:43)\n\tat java.lang.reflect.Method.invoke(Method.java:498)\n\tat org.openqa.selenium.support.pagefactory.internal.LocatingElementHandler.invoke(LocatingElementHandler.java:51)\n\tat com.sun.proxy.$Proxy18.isDisplayed(Unknown Source)\n\tat org.openqa.selenium.support.ui.ExpectedConditions.elementIfVisible(ExpectedConditions.java:302)\n\tat org.openqa.selenium.support.ui.ExpectedConditions.access$100(ExpectedConditions.java:41)\n\tat org.openqa.selenium.support.ui.ExpectedConditions$10.apply(ExpectedConditions.java:288)\n\tat org.openqa.selenium.support.ui.ExpectedConditions$10.apply(ExpectedConditions.java:285)\n\tat org.openqa.selenium.support.ui.FluentWait.until(FluentWait.java:238)\n\tat edu.pht.cucumberjunit.pages.AbstractPage.waitUntilElementIsVisibility(AbstractPage.java:35)\n\tat edu.pht.cucumberjunit.pages.EmailPage.isLogoutLinkPresents(EmailPage.java:160)\n\tat edu.pht.cucumberjunit.steps.EmailPageSteps.seeLogoutLink(EmailPageSteps.java:136)\n\tat âœ½.Then I see logout link(Login.feature:27)\n"
  },
  "description" : {
    "value" : null,
    "type" : "TEXT"
  },
  "severity" : "NORMAL",
  "status" : "BROKEN",
  "suite" : {
    "uid" : "d9d0948e834a8702",
    "name" : "login page functionality",
    "title" : "Login page functionality"
  },
  "steps" : [ {
    "name" : "Given I am on main application page",
    "title" : "Given I am on main application page",
    "time" : {
      "start" : 1536230812536,
      "stop" : 1536230814691,
      "duration" : 2155
    },
    "summary" : {
      "attachments" : 0,
      "steps" : 0
    },
    "status" : "PASSED",
    "attachments" : [ ],
    "steps" : [ ]
  }, {
    "name" : "When I login as correct user",
    "title" : "When I login as correct user",
    "time" : {
      "start" : 1536230814691,
      "stop" : 1536230817243,
      "duration" : 2552
    },
    "summary" : {
      "attachments" : 1,
      "steps" : 0
    },
    "status" : "PASSED",
    "attachments" : [ {
      "title" : "Attachment Screenshot",
      "source" : "e538169b-c009-4bde-aa93-ca7ea7030df7-attachment.png",
      "type" : "image/png",
      "size" : 332054,
      "uid" : "6869b5967c3a3be2"
    } ],
    "steps" : [ ]
  }, {
    "name" : "Then I see logout link",
    "title" : "Then I see logout link",
    "time" : {
      "start" : 1536230817243,
      "stop" : 1536230827224,
      "duration" : 9981
    },
    "summary" : {
      "attachments" : 0,
      "steps" : 0
    },
    "status" : "BROKEN",
    "attachments" : [ ],
    "steps" : [ ]
  } ],
  "attachments" : [ {
    "title" : "Attachment Screenshot",
    "source" : "61b301d6-b80f-4acf-95bf-740110c05e3b-attachment.png",
    "type" : "image/png",
    "size" : 92686,
    "uid" : "801aa212ae956c43"
  } ],
  "issues" : [ ],
  "testIds" : [ ],
  "labels" : [ {
    "name" : "language",
    "value" : "JAVA"
  }, {
    "name" : "story",
    "value" : "valid login test"
  }, {
    "name" : "host",
    "value" : "MASHEEN-8QD614O"
  }, {
    "name" : "feature",
    "value" : "login page functionality"
  }, {
    "name" : "suite-name",
    "value" : "login page functionality"
  }, {
    "name" : "suite-title",
    "value" : null
  }, {
    "name" : "framework",
    "value" : "CucumberJVM"
  }, {
    "name" : "thread",
    "value" : "3824@MASHEEN-8QD614O.main(1)"
  } ],
  "parameters" : [ ]
}