<?xml version="1.0" encoding="UTF-8"?>
<testsuite xmlns:xsi="http://www.w3.org/2001/XMLSchema-instance" xsi:schemaLocation="https://maven.apache.org/surefire/maven-surefire-plugin/xsd/surefire-test-report.xsd" name="edu.pht.cucumberjunit.steps.CucumberJvmTest" time="542.733" tests="10" errors="0" skipped="0" failures="2">
  <properties>
    <property name="java.runtime.name" value="Java(TM) SE Runtime Environment"/>
    <property name="sun.boot.library.path" value="C:\Program Files\Java\jdk1.8.0_161\jre\bin"/>
    <property name="java.vm.version" value="25.161-b12"/>
    <property name="java.vm.vendor" value="Oracle Corporation"/>
    <property name="maven.multiModuleProjectDirectory" value="D:\Archive\Documents\java TAT PVT\lessons\allure-cucumber-testng-master"/>
    <property name="java.vendor.url" value="http://java.oracle.com/"/>
    <property name="path.separator" value=";"/>
    <property name="guice.disable.misplaced.annotation.check" value="true"/>
    <property name="java.vm.name" value="Java HotSpot(TM) 64-Bit Server VM"/>
    <property name="file.encoding.pkg" value="sun.io"/>
    <property name="user.script" value=""/>
    <property name="user.country" value="RU"/>
    <property name="sun.java.launcher" value="SUN_STANDARD"/>
    <property name="sun.os.patch.level" value="Service Pack 1"/>
    <property name="java.vm.specification.name" value="Java Virtual Machine Specification"/>
    <property name="user.dir" value="D:\Archive\Documents\java TAT PVT\lessons\allure-cucumber-testng-master"/>
    <property name="java.runtime.version" value="1.8.0_161-b12"/>
    <property name="java.awt.graphicsenv" value="sun.awt.Win32GraphicsEnvironment"/>
    <property name="java.endorsed.dirs" value="C:\Program Files\Java\jdk1.8.0_161\jre\lib\endorsed"/>
    <property name="os.arch" value="amd64"/>
    <property name="java.io.tmpdir" value="C:\Users\836D~1\AppData\Local\Temp\"/>
    <property name="line.separator" value="&#10;"/>
    <property name="java.vm.specification.vendor" value="Oracle Corporation"/>
    <property name="user.variant" value=""/>
    <property name="os.name" value="Windows 7"/>
    <property name="classworlds.conf" value="D:\Application Files\au\autotestNext\.metadata\.plugins\org.eclipse.m2e.launching\launches\m2conf1825879674617710127.tmp"/>
    <property name="sun.jnu.encoding" value="Cp1251"/>
    <property name="java.library.path" value="C:\Program Files\Java\jdk1.8.0_161\bin;C:\Windows\Sun\Java\bin;C:\Windows\system32;C:\Windows;C:/Program Files/Java/jdk1.8.0_161/bin/../jre/bin/server;C:/Program Files/Java/jdk1.8.0_161/bin/../jre/bin;C:/Program Files/Java/jdk1.8.0_161/bin/../jre/lib/amd64;C:\Windows\system32;C:\Windows;C:\Windows\System32\Wbem;C:\WindowsSystem32\WindowsPowerShell\v1.0\;C:\Program Files\Microsoft SQL Server\110\Tools\Binn\;C:\Program Files\Git\cmd;C:\Program Files\Java\apache-maven-3.5.3\bin;C:\Program Files\Java\jdk1.8.0_161\bin;C:\ProgramData\Oracle\Java\javapath;D:\Program\eclipse\eclipse;;."/>
    <property name="java.specification.name" value="Java Platform API Specification"/>
    <property name="java.class.version" value="52.0"/>
    <property name="sun.management.compiler" value="HotSpot 64-Bit Tiered Compilers"/>
    <property name="os.version" value="6.1"/>
    <property name="user.home" value="C:\Users\Администратор"/>
    <property name="user.timezone" value="Europe/Moscow"/>
    <property name="java.awt.printerjob" value="sun.awt.windows.WPrinterJob"/>
    <property name="java.specification.version" value="1.8"/>
    <property name="file.encoding" value="UTF-8"/>
    <property name="user.name" value="Администратор"/>
    <property name="java.class.path" value="D:\Program\eclipse\eclipse\plugins\org.eclipse.m2e.maven.runtime_1.8.3.20180227-2135\jars\plexus-classworlds-2.5.2.jar"/>
    <property name="java.vm.specification.version" value="1.8"/>
    <property name="sun.arch.data.model" value="64"/>
    <property name="java.home" value="C:\Program Files\Java\jdk1.8.0_161\jre"/>
    <property name="sun.java.command" value="org.codehaus.plexus.classworlds.launcher.Launcher -B test"/>
    <property name="java.specification.vendor" value="Oracle Corporation"/>
    <property name="user.language" value="ru"/>
    <property name="awt.toolkit" value="sun.awt.windows.WToolkit"/>
    <property name="java.vm.info" value="mixed mode"/>
    <property name="java.version" value="1.8.0_161"/>
    <property name="java.ext.dirs" value="C:\Program Files\Java\jdk1.8.0_161\jre\lib\ext;C:\Windows\Sun\Java\lib\ext"/>
    <property name="sun.boot.class.path" value="C:\Program Files\Java\jdk1.8.0_161\jre\lib\resources.jar;C:\Program Files\Java\jdk1.8.0_161\jre\lib\rt.jar;C:\Program Files\Java\jdk1.8.0_161\jre\lib\sunrsasign.jar;C:\Program Files\Java\jdk1.8.0_161\jre\lib\jsse.jar;C:\Program Files\Java\jdk1.8.0_161\jre\lib\jce.jar;C:\Program Files\Java\jdk1.8.0_161\jre\lib\charsets.jar;C:\Program Files\Java\jdk1.8.0_161\jre\lib\jfr.jar;C:\Program Files\Java\jdk1.8.0_161\jre\classes"/>
    <property name="java.vendor" value="Oracle Corporation"/>
    <property name="maven.home" value="D:\Archive\Documents\java TAT PVT\lessons\allure-cucumber-testng-master\EMBEDDED"/>
    <property name="file.separator" value="\"/>
    <property name="java.vendor.url.bug" value="http://bugreport.sun.com/bugreport/"/>
    <property name="sun.cpu.endian" value="little"/>
    <property name="sun.io.unicode.encoding" value="UnicodeLittle"/>
    <property name="sun.desktop" value="windows"/>
    <property name="sun.cpu.isalist" value="amd64"/>
  </properties>
  <testcase name="feature" classname="edu.pht.cucumberjunit.steps.CucumberJvmTest" time="89.574"/>
  <testcase name="feature" classname="edu.pht.cucumberjunit.steps.CucumberJvmTest" time="73.247"/>
  <testcase name="feature" classname="edu.pht.cucumberjunit.steps.CucumberJvmTest" time="42.931"/>
  <testcase name="feature" classname="edu.pht.cucumberjunit.steps.CucumberJvmTest" time="32.896"/>
  <testcase name="feature" classname="edu.pht.cucumberjunit.steps.CucumberJvmTest" time="29.253"/>
  <testcase name="feature" classname="edu.pht.cucumberjunit.steps.CucumberJvmTest" time="148.7">
    <failure message="org.openqa.selenium.TimeoutException: Timed out after 100 seconds waiting for text (&apos;Неверное имя или пароль&apos;) to be present in element Proxy element for: DefaultElementLocator &apos;By.xpath: //*[@id=&apos;mailbox:error&apos;]&apos;&#10;Build info: version: &apos;2.53.1&apos;, revision: &apos;a36b8b1cd5757287168e54b817830adce9b0158d&apos;, time: &apos;2016-06-30 19:26:09&apos;&#10;System info: host: &apos;MASHEEN-8QD614O&apos;, ip: &apos;192.168.1.205&apos;, os.name: &apos;Windows 7&apos;, os.arch: &apos;amd64&apos;, os.version: &apos;6.1&apos;, java.version: &apos;1.8.0_161&apos;&#10;Driver info: org.openqa.selenium.chrome.ChromeDriver&#10;Capabilities [{mobileEmulationEnabled=false, hasTouchScreen=false, platform=XP, acceptSslCerts=false, goog:chromeOptions={debuggerAddress=localhost:51685}, acceptInsecureCerts=false, webStorageEnabled=true, browserName=chrome, takesScreenshot=true, javascriptEnabled=true, setWindowRect=true, unexpectedAlertBehaviour=, applicationCacheEnabled=false, rotatable=false, networkConnectionEnabled=false, chrome={chromedriverVersion=2.41.578737 (49da6702b16031c40d63e5618de03a32ff6c197e), userDataDir=C:\Users\836D~1\AppData\Local\Temp\scoped_dir4764_2696}, takesHeapSnapshot=true, pageLoadStrategy=normal, databaseEnabled=false, handlesAlerts=true, version=68.0.3440.106, browserConnectionEnabled=false, nativeEvents=true, locationContextEnabled=true, cssSelectorsEnabled=true}]&#10;Session ID: c3837fe5b1057424ec9b16b27b55a99d" type="cucumber.runtime.CucumberException">cucumber.runtime.CucumberException: 
org.openqa.selenium.TimeoutException: Timed out after 100 seconds waiting for text ('Неверное имя или пароль') to be present in element Proxy element for: DefaultElementLocator 'By.xpath: //*[@id='mailbox:error']'
Build info: version: '2.53.1', revision: 'a36b8b1cd5757287168e54b817830adce9b0158d', time: '2016-06-30 19:26:09'
System info: host: 'MASHEEN-8QD614O', ip: '192.168.1.205', os.name: 'Windows 7', os.arch: 'amd64', os.version: '6.1', java.version: '1.8.0_161'
Driver info: org.openqa.selenium.chrome.ChromeDriver
Capabilities [{mobileEmulationEnabled=false, hasTouchScreen=false, platform=XP, acceptSslCerts=false, goog:chromeOptions={debuggerAddress=localhost:51685}, acceptInsecureCerts=false, webStorageEnabled=true, browserName=chrome, takesScreenshot=true, javascriptEnabled=true, setWindowRect=true, unexpectedAlertBehaviour=, applicationCacheEnabled=false, rotatable=false, networkConnectionEnabled=false, chrome={chromedriverVersion=2.41.578737 (49da6702b16031c40d63e5618de03a32ff6c197e), userDataDir=C:\Users\836D~1\AppData\Local\Temp\scoped_dir4764_2696}, takesHeapSnapshot=true, pageLoadStrategy=normal, databaseEnabled=false, handlesAlerts=true, version=68.0.3440.106, browserConnectionEnabled=false, nativeEvents=true, locationContextEnabled=true, cssSelectorsEnabled=true}]
Session ID: c3837fe5b1057424ec9b16b27b55a99d
Caused by: org.openqa.selenium.TimeoutException: 
Timed out after 100 seconds waiting for text ('Неверное имя или пароль') to be present in element Proxy element for: DefaultElementLocator 'By.xpath: //*[@id='mailbox:error']'
Build info: version: '2.53.1', revision: 'a36b8b1cd5757287168e54b817830adce9b0158d', time: '2016-06-30 19:26:09'
System info: host: 'MASHEEN-8QD614O', ip: '192.168.1.205', os.name: 'Windows 7', os.arch: 'amd64', os.version: '6.1', java.version: '1.8.0_161'
Driver info: org.openqa.selenium.chrome.ChromeDriver
Capabilities [{mobileEmulationEnabled=false, hasTouchScreen=false, platform=XP, acceptSslCerts=false, goog:chromeOptions={debuggerAddress=localhost:51685}, acceptInsecureCerts=false, webStorageEnabled=true, browserName=chrome, takesScreenshot=true, javascriptEnabled=true, setWindowRect=true, unexpectedAlertBehaviour=, applicationCacheEnabled=false, rotatable=false, networkConnectionEnabled=false, chrome={chromedriverVersion=2.41.578737 (49da6702b16031c40d63e5618de03a32ff6c197e), userDataDir=C:\Users\836D~1\AppData\Local\Temp\scoped_dir4764_2696}, takesHeapSnapshot=true, pageLoadStrategy=normal, databaseEnabled=false, handlesAlerts=true, version=68.0.3440.106, browserConnectionEnabled=false, nativeEvents=true, locationContextEnabled=true, cssSelectorsEnabled=true}]
Session ID: c3837fe5b1057424ec9b16b27b55a99d
Caused by: org.openqa.selenium.NoSuchElementException: 
no such element: Unable to locate element: {"method":"xpath","selector":"//*[@id='mailbox:error']"}
  (Session info: chrome=68.0.3440.106)
  (Driver info: chromedriver=2.41.578737 (49da6702b16031c40d63e5618de03a32ff6c197e),platform=Windows NT 6.1.7601 SP1 x86_64) (WARNING: The server did not provide any stacktrace information)
Command duration or timeout: 36 milliseconds
For documentation on this error, please visit: http://seleniumhq.org/exceptions/no_such_element.html
Build info: version: '2.53.1', revision: 'a36b8b1cd5757287168e54b817830adce9b0158d', time: '2016-06-30 19:26:09'
System info: host: 'MASHEEN-8QD614O', ip: '192.168.1.205', os.name: 'Windows 7', os.arch: 'amd64', os.version: '6.1', java.version: '1.8.0_161'
Driver info: org.openqa.selenium.chrome.ChromeDriver
Capabilities [{mobileEmulationEnabled=false, hasTouchScreen=false, platform=XP, acceptSslCerts=false, goog:chromeOptions={debuggerAddress=localhost:51685}, acceptInsecureCerts=false, webStorageEnabled=true, browserName=chrome, takesScreenshot=true, javascriptEnabled=true, setWindowRect=true, unexpectedAlertBehaviour=, applicationCacheEnabled=false, rotatable=false, networkConnectionEnabled=false, chrome={chromedriverVersion=2.41.578737 (49da6702b16031c40d63e5618de03a32ff6c197e), userDataDir=C:\Users\836D~1\AppData\Local\Temp\scoped_dir4764_2696}, takesHeapSnapshot=true, pageLoadStrategy=normal, databaseEnabled=false, handlesAlerts=true, version=68.0.3440.106, browserConnectionEnabled=false, nativeEvents=true, locationContextEnabled=true, cssSelectorsEnabled=true}]
Session ID: c3837fe5b1057424ec9b16b27b55a99d
*** Element info: {Using=xpath, value=//*[@id='mailbox:error']}
</failure>
    <system-out><![CDATA[2018-09-06 16:44:45 INFO  Driver:24 - init instance..........
2018-09-06 16:44:51 INFO  LoginSteps:29 - LoginPage initialization finished.....
2018-09-06 16:44:51 INFO  LoginSteps:34 - -----------------Start of Scenario-----------------
2018-09-06 16:44:53 INFO  LoginSteps:40 - Go to web application with url: https://mail.ru
2018-09-06 16:44:55 INFO  LoginSteps:48 - Authentication with login: zelenkova-sveta, pass: Benz2503 and domain: @bk.ru
2018-09-06 16:44:55 INFO  EmailPageSteps:19 - Tests are starting.....
2018-09-06 16:44:55 INFO  EmailPageSteps:22 - EmailPage initialization finished.....
2018-09-06 16:45:05 INFO  EmailPageSteps:137 - Log out link is present
2018-09-06 16:45:06 INFO  Driver:43 - kill instance..........
2018-09-06 16:45:07 INFO  LoginSteps:85 - -----------------End of Scenario-----------------
2018-09-06 16:45:07 INFO  Driver:24 - init instance..........
2018-09-06 16:45:13 INFO  LoginSteps:29 - LoginPage initialization finished.....
2018-09-06 16:45:13 INFO  LoginSteps:34 - -----------------Start of Scenario-----------------
2018-09-06 16:45:16 INFO  LoginSteps:40 - Go to web application with url: https://mail.ru
2018-09-06 16:45:17 INFO  LoginSteps:56 - Authentication with login: zelenkova-sveta, pass: Benzz2503 and domain: @bk.ru
2018-09-06 16:45:18 INFO  LoginSteps:62 - Wrong login or pass is confirmed with message 'Неверное имя или пароль'
2018-09-06 16:45:19 INFO  Driver:43 - kill instance..........
2018-09-06 16:45:20 INFO  LoginSteps:85 - -----------------End of Scenario-----------------
2018-09-06 16:45:20 INFO  Driver:24 - init instance..........
2018-09-06 16:45:23 INFO  LoginSteps:29 - LoginPage initialization finished.....
2018-09-06 16:45:23 INFO  LoginSteps:34 - -----------------Start of Scenario-----------------
2018-09-06 16:45:28 INFO  LoginSteps:40 - Go to web application with url: https://mail.ru
2018-09-06 16:45:30 INFO  LoginSteps:56 - Authentication with login: zelenkova_sveta, pass: Benz2503 and domain: @bk.ru
2018-09-06 16:47:11 INFO  Driver:43 - kill instance..........
2018-09-06 16:47:13 INFO  LoginSteps:85 - -----------------End of Scenario-----------------
]]></system-out>
    <system-err><![CDATA[Starting ChromeDriver 2.41.578737 (49da6702b16031c40d63e5618de03a32ff6c197e) on port 5257
Only local connections are allowed.
Starting ChromeDriver 2.41.578737 (49da6702b16031c40d63e5618de03a32ff6c197e) on port 8268
Only local connections are allowed.
Starting ChromeDriver 2.41.578737 (49da6702b16031c40d63e5618de03a32ff6c197e) on port 14338
Only local connections are allowed.
]]></system-err>
  </testcase>
  <testcase name="feature" classname="edu.pht.cucumberjunit.steps.CucumberJvmTest" time="24.093"/>
  <testcase name="feature" classname="edu.pht.cucumberjunit.steps.CucumberJvmTest" time="25.306"/>
  <testcase name="feature" classname="edu.pht.cucumberjunit.steps.CucumberJvmTest" time="39.907"/>
  <testcase name="feature" classname="edu.pht.cucumberjunit.steps.CucumberJvmTest" time="28.787">
    <failure message="org.openqa.selenium.WebDriverException: unknown error: Element &lt;div class=&quot;b-checkbox__box&quot;&gt;&lt;/div&gt; is not clickable at point (293, 183). Other element would receive the click: &lt;div class=&quot;b-checkbox__checkmark&quot;&gt;&lt;/div&gt;&#10;  (Session info: chrome=68.0.3440.106)&#10;  (Driver info: chromedriver=2.41.578737 (49da6702b16031c40d63e5618de03a32ff6c197e),platform=Windows NT 6.1.7601 SP1 x86_64) (WARNING: The server did not provide any stacktrace information)&#10;Command duration or timeout: 115 milliseconds&#10;Build info: version: &apos;2.53.1&apos;, revision: &apos;a36b8b1cd5757287168e54b817830adce9b0158d&apos;, time: &apos;2016-06-30 19:26:09&apos;&#10;System info: host: &apos;MASHEEN-8QD614O&apos;, ip: &apos;192.168.1.205&apos;, os.name: &apos;Windows 7&apos;, os.arch: &apos;amd64&apos;, os.version: &apos;6.1&apos;, java.version: &apos;1.8.0_161&apos;&#10;Driver info: org.openqa.selenium.chrome.ChromeDriver&#10;Capabilities [{mobileEmulationEnabled=false, hasTouchScreen=false, platform=XP, acceptSslCerts=false, goog:chromeOptions={debuggerAddress=localhost:52123}, acceptInsecureCerts=false, webStorageEnabled=true, browserName=chrome, takesScreenshot=true, javascriptEnabled=true, setWindowRect=true, unexpectedAlertBehaviour=, applicationCacheEnabled=false, rotatable=false, networkConnectionEnabled=false, chrome={chromedriverVersion=2.41.578737 (49da6702b16031c40d63e5618de03a32ff6c197e), userDataDir=C:\Users\836D~1\AppData\Local\Temp\scoped_dir3896_9475}, takesHeapSnapshot=true, pageLoadStrategy=normal, databaseEnabled=false, handlesAlerts=true, version=68.0.3440.106, browserConnectionEnabled=false, nativeEvents=true, locationContextEnabled=true, cssSelectorsEnabled=true}]&#10;Session ID: efaf5014822ad3fbaa1eae2c88506dcb" type="cucumber.runtime.CucumberException"><![CDATA[cucumber.runtime.CucumberException: 
org.openqa.selenium.WebDriverException: unknown error: Element <div class="b-checkbox__box"></div> is not clickable at point (293, 183). Other element would receive the click: <div class="b-checkbox__checkmark"></div>
  (Session info: chrome=68.0.3440.106)
  (Driver info: chromedriver=2.41.578737 (49da6702b16031c40d63e5618de03a32ff6c197e),platform=Windows NT 6.1.7601 SP1 x86_64) (WARNING: The server did not provide any stacktrace information)
Command duration or timeout: 115 milliseconds
Build info: version: '2.53.1', revision: 'a36b8b1cd5757287168e54b817830adce9b0158d', time: '2016-06-30 19:26:09'
System info: host: 'MASHEEN-8QD614O', ip: '192.168.1.205', os.name: 'Windows 7', os.arch: 'amd64', os.version: '6.1', java.version: '1.8.0_161'
Driver info: org.openqa.selenium.chrome.ChromeDriver
Capabilities [{mobileEmulationEnabled=false, hasTouchScreen=false, platform=XP, acceptSslCerts=false, goog:chromeOptions={debuggerAddress=localhost:52123}, acceptInsecureCerts=false, webStorageEnabled=true, browserName=chrome, takesScreenshot=true, javascriptEnabled=true, setWindowRect=true, unexpectedAlertBehaviour=, applicationCacheEnabled=false, rotatable=false, networkConnectionEnabled=false, chrome={chromedriverVersion=2.41.578737 (49da6702b16031c40d63e5618de03a32ff6c197e), userDataDir=C:\Users\836D~1\AppData\Local\Temp\scoped_dir3896_9475}, takesHeapSnapshot=true, pageLoadStrategy=normal, databaseEnabled=false, handlesAlerts=true, version=68.0.3440.106, browserConnectionEnabled=false, nativeEvents=true, locationContextEnabled=true, cssSelectorsEnabled=true}]
Session ID: efaf5014822ad3fbaa1eae2c88506dcb
Caused by: org.openqa.selenium.WebDriverException: 
unknown error: Element <div class="b-checkbox__box"></div> is not clickable at point (293, 183). Other element would receive the click: <div class="b-checkbox__checkmark"></div>
  (Session info: chrome=68.0.3440.106)
  (Driver info: chromedriver=2.41.578737 (49da6702b16031c40d63e5618de03a32ff6c197e),platform=Windows NT 6.1.7601 SP1 x86_64) (WARNING: The server did not provide any stacktrace information)
Command duration or timeout: 115 milliseconds
Build info: version: '2.53.1', revision: 'a36b8b1cd5757287168e54b817830adce9b0158d', time: '2016-06-30 19:26:09'
System info: host: 'MASHEEN-8QD614O', ip: '192.168.1.205', os.name: 'Windows 7', os.arch: 'amd64', os.version: '6.1', java.version: '1.8.0_161'
Driver info: org.openqa.selenium.chrome.ChromeDriver
Capabilities [{mobileEmulationEnabled=false, hasTouchScreen=false, platform=XP, acceptSslCerts=false, goog:chromeOptions={debuggerAddress=localhost:52123}, acceptInsecureCerts=false, webStorageEnabled=true, browserName=chrome, takesScreenshot=true, javascriptEnabled=true, setWindowRect=true, unexpectedAlertBehaviour=, applicationCacheEnabled=false, rotatable=false, networkConnectionEnabled=false, chrome={chromedriverVersion=2.41.578737 (49da6702b16031c40d63e5618de03a32ff6c197e), userDataDir=C:\Users\836D~1\AppData\Local\Temp\scoped_dir3896_9475}, takesHeapSnapshot=true, pageLoadStrategy=normal, databaseEnabled=false, handlesAlerts=true, version=68.0.3440.106, browserConnectionEnabled=false, nativeEvents=true, locationContextEnabled=true, cssSelectorsEnabled=true}]
Session ID: efaf5014822ad3fbaa1eae2c88506dcb
]]></failure>
    <system-out><![CDATA[2018-09-06 16:48:43 INFO  Driver:24 - init instance..........
2018-09-06 16:48:49 INFO  LoginSteps:29 - LoginPage initialization finished.....
2018-09-06 16:48:49 INFO  LoginSteps:34 - -----------------Start of Scenario-----------------
2018-09-06 16:48:52 INFO  LoginSteps:40 - Go to web application with url: https://mail.ru
2018-09-06 16:48:54 INFO  LoginSteps:48 - Authentication with login: zelenkova-sveta, pass: Benz2503 and domain: @bk.ru
2018-09-06 16:48:54 INFO  EmailPageSteps:19 - Tests are starting.....
2018-09-06 16:48:54 INFO  EmailPageSteps:22 - EmailPage initialization finished.....
2018-09-06 16:49:08 INFO  EmailPageSteps:111 - Filter the emails marked with a flag.....
2018-09-06 16:49:09 INFO  EmailPageSteps:118 - Check all emails.....
2018-09-06 16:49:10 INFO  EmailPageSteps:91 - Check the more actions.....
2018-09-06 16:49:10 INFO  Driver:43 - kill instance..........
2018-09-06 16:49:12 INFO  LoginSteps:85 - -----------------End of Scenario-----------------
]]></system-out>
    <system-err><![CDATA[Starting ChromeDriver 2.41.578737 (49da6702b16031c40d63e5618de03a32ff6c197e) on port 39447
Only local connections are allowed.
]]></system-err>
  </testcase>
</testsuite>